<?xml version="1.0" encoding="UTF-8"?>
<!-- Generated by org.testng.reporters.JUnitXMLReporter -->
<testsuite hostname="USER-PC" name="Check Email Test" tests="1" failures="0" timestamp="15 Oct 2015 13:14:59 GMT" time="0.001" errors="0">
  <testcase name="@BeforeTest beforeTest" time="0.0" classname="tests.Second_TestNg">
    <skipped/>
  </testcase> <!-- @BeforeTest beforeTest -->
  <testcase name="checkEmail" time="0.0" classname="tests.Second_TestNg">
    <skipped/>
  </testcase> <!-- checkEmail -->
</testsuite> <!-- Check Email Test -->
