<?xml version="1.0" encoding="UTF-8"?>
<!-- Generated by org.testng.reporters.JUnitXMLReporter -->
<testsuite hostname="USER-PC" name="Data Registration Test" tests="3" failures="0" timestamp="15 Oct 2015 13:14:59 GMT" time="0.002" errors="0">
  <testcase name="registerData" time="0.0" classname="tests.TestNg_Parameters"/>
  <testcase name="registerData" time="0.0" classname="tests.TestNg_Parameters"/>
  <testcase name="registerData" time="0.0" classname="tests.TestNg_Parameters"/>
</testsuite> <!-- Data Registration Test -->
